<?xml version="1.0" encoding="UTF-8"?>
<testng-results ignored="6" total="10" passed="4" failed="0" skipped="0">
  <reporter-output>
  </reporter-output>
  <suite started-at="2022-07-14T15:03:12 IST" name="Suite" finished-at="2022-07-14T15:03:15 IST" duration-ms="2861">
    <groups>
    </groups>
    <test started-at="2022-07-14T15:03:12 IST" name="Test" finished-at="2022-07-14T15:03:15 IST" duration-ms="2861">
      <class name="Testcases.CartTest">
        <test-method signature="cartPageTest()[pri:0, instance:Testcases.CartTest@25fb8912]" started-at="2022-07-14T15:03:14 IST" name="cartPageTest" finished-at="2022-07-14T15:03:15 IST" duration-ms="1086" status="PASS">
          <reporter-output>
          </reporter-output>
        </test-method> <!-- cartPageTest -->
      </class> <!-- Testcases.CartTest -->
      <class name="Testcases.LoginErrorTest">
        <test-method signature="verifyLoginFunctionalityWithInValidCred()[pri:0, instance:Testcases.LoginErrorTest@7c24b813]" started-at="2022-07-14T15:03:15 IST" name="verifyLoginFunctionalityWithInValidCred" finished-at="2022-07-14T15:03:15 IST" duration-ms="345" status="PASS">
          <reporter-output>
          </reporter-output>
        </test-method> <!-- verifyLoginFunctionalityWithInValidCred -->
      </class> <!-- Testcases.LoginErrorTest -->
      <class name="Testcases.LoginPageTest">
        <test-method is-config="true" signature="setUp()[pri:0, instance:Testcases.LoginPageTest@66d3eec0]" started-at="2022-07-14T15:03:10 IST" name="setUp" finished-at="2022-07-14T15:03:12 IST" duration-ms="2368" status="PASS">
          <reporter-output>
          </reporter-output>
        </test-method> <!-- setUp -->
        <test-method signature="verifyLoginFunctionalityWithValidCred()[pri:0, instance:Testcases.LoginPageTest@66d3eec0]" started-at="2022-07-14T15:03:12 IST" name="verifyLoginFunctionalityWithValidCred" finished-at="2022-07-14T15:03:12 IST" duration-ms="382" status="PASS">
          <reporter-output>
          </reporter-output>
        </test-method> <!-- verifyLoginFunctionalityWithValidCred -->
        <test-method is-config="true" signature="tearDown()[pri:0, instance:Testcases.LoginPageTest@66d3eec0]" started-at="2022-07-14T15:03:15 IST" name="tearDown" finished-at="2022-07-14T15:03:16 IST" duration-ms="716" status="PASS">
          <reporter-output>
          </reporter-output>
        </test-method> <!-- tearDown -->
      </class> <!-- Testcases.LoginPageTest -->
      <class name="Testcases.PaymentTest">
        <test-method signature="paymentPageTest()[pri:0, instance:Testcases.PaymentTest@5d7148e2]" started-at="2022-07-14T15:03:13 IST" name="paymentPageTest" finished-at="2022-07-14T15:03:13 IST" duration-ms="997" status="PASS">
          <reporter-output>
          </reporter-output>
        </test-method> <!-- paymentPageTest -->
      </class> <!-- Testcases.PaymentTest -->
    </test> <!-- Test -->
  </suite> <!-- Suite -->
</testng-results>
