<?xml version="1.0" encoding="UTF-8"?>
<!-- Generated by org.testng.reporters.JUnitXMLReporter -->
<testsuite ignored="6" hostname="NDI-LAP-863" failures="0" tests="4" name="Test" time="2.861" errors="0" timestamp="2022-07-14T15:03:15 IST">
  <testcase classname="Testcases.LoginPageTest" name="verifyLoginFunctionalityWithValidCred" time="0.382"/>
  <testcase classname="Testcases.PaymentTest" name="paymentPageTest" time="0.997"/>
  <testcase classname="Testcases.CartTest" name="cartPageTest" time="1.086"/>
  <testcase classname="Testcases.LoginErrorTest" name="verifyLoginFunctionalityWithInValidCred" time="0.345"/>
  <testcase classname="Utility.TestBase" name="@BeforeSuite setUp" time="0.0">
    <ignored/>
  </testcase> <!-- @BeforeSuite setUp -->
  <testcase classname="Utility.TestBase" name="@BeforeSuite setUp" time="0.0">
    <ignored/>
  </testcase> <!-- @BeforeSuite setUp -->
  <testcase classname="Utility.TestBase" name="@BeforeSuite setUp" time="0.0">
    <ignored/>
  </testcase> <!-- @BeforeSuite setUp -->
  <testcase classname="Utility.TestBase" name="@AfterSuite tearDown" time="0.0">
    <ignored/>
  </testcase> <!-- @AfterSuite tearDown -->
  <testcase classname="Utility.TestBase" name="@AfterSuite tearDown" time="0.0">
    <ignored/>
  </testcase> <!-- @AfterSuite tearDown -->
  <testcase classname="Utility.TestBase" name="@AfterSuite tearDown" time="0.0">
    <ignored/>
  </testcase> <!-- @AfterSuite tearDown -->
</testsuite> <!-- Test -->
